1547191132681	mozrunner::runner	INFO	Running command: "C:\\Program Files\\Mozilla Firefox\\firefox.exe" "-marionette" "-foreground" "-no-remote" "-profile" "C:\\Users\\user\\AppData\\Local\\Temp\\rust_mozprofile.WyHRrbpU0fkA"
1547191134183	addons.webextension.screenshots@mozilla.org	WARN	Loading extension 'screenshots@mozilla.org': Reading manifest: Invalid host permission: resource://pdf.js/
1547191134183	addons.webextension.screenshots@mozilla.org	WARN	Loading extension 'screenshots@mozilla.org': Reading manifest: Invalid host permission: about:reader*
1547191136523	Marionette	INFO	Listening on port 4677
1547191136551	Marionette	WARN	TLS certificate errors will be ignored for this session
JavaScript warning: https://timetable.nctu.edu.tw/public/js/jquery-1.10.2.min.js, line 1: Using //@ to indicate sourceMappingURL pragmas is deprecated. Use //# instead
JavaScript warning: https://timetable.nctu.edu.tw/public/js/timetable.js?token=7ac5ed73165bb30fff030a7ae52f8bf8cac27eb9b402530dac95996439f423c5, line 1850: unreachable code after return statement
[Parent 9116, Gecko_IOThread] WARNING: pipe error: 109: file z:/build/build/src/ipc/chromium/src/chrome/common/ipc_channel_win.cc, line 346
[Child 20600, Chrome_ChildThread] WARNING: pipe error: 109: file z:/build/build/src/ipc/chromium/src/chrome/common/ipc_channel_win.cc, line[Parent 9116, Gecko_IO 346Threa
d] WARNI[ChiNGld: 20 pi6pe error: 109: file z:/build/build/src/ipc/chromium/src/chrome/common/ipc_channel_win.cc, line 346
[Child 20620, Chrome_ChildThread] WARNING: pipe error: 109: file z:/build/build/src/ipc/chromium/src/chrome/common/ipc_channel_win.cc, line 346
[Child 20620, Chrome_ChildThread][Parent 9116, Gecko_IOThread] WARNING: pipe error: 109: file z:/build/build/src/ipc/chromium/src/chrome/common/ipc_channel_win.cc, line 346
[Child 18988, Chrome_ChildThread] WARNING: pipe error: 109: file z:/build/build/src/ipc/chromium/src/chrome/common/ipc_channel_win.cc, line 346
[Child 18988, Chrome_ChildThrea1547191141268	Marionette	INFO	Stopped listening on port 4677

###!!! [Child][RunMessage] Error: Channel closing: too late to send/recv, messages will be lost

[GPU 209
###!!! [Child][MessageChannel::SendAndWait] Error: Channel error: cannot send/recv

1547191148743	mozrunner::runner	INFO	Running command: "C:\\Program Files\\Mozilla Firefox\\firefox.exe" "-marionette" "-foreground" "-no-remote" "-profile" "C:\\Users\\user\\AppData\\Local\\Temp\\rust_mozprofile.mG7WXFG7PYaN"
1547191149542	addons.webextension.screenshots@mozilla.org	WARN	Loading extension 'screenshots@mozilla.org': Reading manifest: Invalid host permission: resource://pdf.js/
1547191149542	addons.webextension.screenshots@mozilla.org	WARN	Loading extension 'screenshots@mozilla.org': Reading manifest: Invalid host permission: about:reader*
1547191151648	Marionette	INFO	Listening on port 4743
1547191151964	Marionette	WARN	TLS certificate errors will be ignored for this session
JavaScript warning: https://timetable.nctu.edu.tw/public/js/jquery-1.10.2.min.js, line 1: Using //@ to indicate sourceMappingURL pragmas is deprecated. Use //# instead
JavaScript warning: https://timetable.nctu.edu.tw/public/js/timetable.js?token=95995bb9b584a081b91cfe4ffd281b17e5a3d90d4c62db8ba405363c147e8476, line 1850: unreachable code after return statement
[Parent 22040, Gecko_IOThread] WARNING: pipe error: 109: file z:/build/build/src/ipc/chromium/src/chrome/common/ipc_channel_win.cc, line 346
[Parent 22040, Gecko_IOThread] WARNING: pipe error: 109: file z:/build/build/src/ipc/chromium/src/chrome/common/ipc_channel_win.cc, line 346
[Child 21880, Chrome_ChildThread] WARNING: pipe error: 109: file z:/build/build/src/ipc/chromium/src/chrome/common/ipc_channe[Chil_win.cc, line 346
ld 21648[Chil, Chd 21rom8e_ChildThread] WARNING: pipe error: 109: file z:/build/build/src/ipc/chromium/src/chrome/common/ipc_channel_win.cc, line 346
[Child 2[Parent 22040, Gecko_IOThread] WARNING: pipe error: 109: file z:/build/build/src/ipc/chromium/src/chrome/common/ipc_channel_win.cc, line 346
[Child 20012, Chrome_ChildThread] WARNING: pipe error: 109: file z:/build/build/src/ipc/chromium/src/chrome/common/ipc_channel_win.cc, line 346
[Child 20012, Chrome_Ch1547191176687	Marionette	INFO	Stopped listening on port 4743

###!!! [Child][RunMessage] Error: Channel closing: too late to send/recv, messages will be lost

[GPU 21464
###!!! [Child][MessageChannel::SendAndWait] Error: Channel error: cannot send/recv

